<?xml version="1.0" encoding="UTF-8"?>
<!-- Generated by org.testng.reporters.JUnitReportReporter -->
<testsuite hostname="DESKTOP-A94V6CK" failures="0" tests="1" name="vnotes_testing.links_on_account_page" time="19.534" errors="0" timestamp="2023-02-06T21:52:49 IST" skipped="0">
  <testcase classname="vnotes_testing.links_on_account_page" name="main" time="19.534"/>
  <system-out/>
</testsuite> <!-- vnotes_testing.links_on_account_page -->
