<?xml version="1.0" encoding="UTF-8"?>
<!-- Generated by org.testng.reporters.JUnitReportReporter -->
<testsuite hostname="DESKTOP-A94V6CK" failures="0" tests="1" name="vnotes_testing.view_notes" time="17.155" errors="0" timestamp="2023-02-06T21:49:13 IST" skipped="0">
  <testcase classname="vnotes_testing.view_notes" name="main" time="17.155"/>
  <system-out/>
</testsuite> <!-- vnotes_testing.view_notes -->
