<?xml version="1.0" encoding="UTF-8"?>
<!-- Generated by org.testng.reporters.JUnitReportReporter -->
<testsuite hostname="DESKTOP-A94V6CK" failures="0" tests="1" name="vnotes_testing.signout" time="22.166" errors="0" timestamp="2023-02-06T21:50:48 IST" skipped="0">
  <testcase classname="vnotes_testing.signout" name="main" time="22.166"/>
  <system-out/>
</testsuite> <!-- vnotes_testing.signout -->
